<?xml version="1.0" encoding="UTF-8"?>
<!-- Generated by org.testng.reporters.JUnitReportReporter -->
<testsuite skipped="0" hostname="Shashi" name="com.amazon.qa.testcases.HomePageTest" tests="3" failures="0" timestamp="29 Jul 2018 00:38:54 GMT" time="72.217" errors="0">
  <testcase name="verifyHomePageTitleTest" time="18.602" classname="com.amazon.qa.testcases.HomePageTest"/>
  <testcase name="verifyUserNameTest" time="17.945" classname="com.amazon.qa.testcases.HomePageTest"/>
  <testcase name="navigateToCartPageTest" time="35.670" classname="com.amazon.qa.testcases.HomePageTest"/>
</testsuite> <!-- com.amazon.qa.testcases.HomePageTest -->
