<?xml version="1.0" encoding="UTF-8"?>
<!-- Generated by org.testng.reporters.JUnitReportReporter -->
<testsuite hostname="Shashi" failures="0" tests="3" name="com.amazon.qa.testcases.LoginPageTest" time="64.349" errors="0" timestamp="28 Sep 2018 15:12:28 GMT" skipped="0">
  <testcase classname="com.amazon.qa.testcases.LoginPageTest" name="loginTest" time="25.001"/>
  <testcase classname="com.amazon.qa.testcases.LoginPageTest" name="loginPageTitleTest" time="16.075"/>
  <testcase classname="com.amazon.qa.testcases.LoginPageTest" name="amazonLogoTest" time="23.273"/>
</testsuite> <!-- com.amazon.qa.testcases.LoginPageTest -->
