<?xml version="1.0" encoding="UTF-8"?>
<!-- Generated by org.testng.reporters.JUnitReportReporter -->
<testsuite hostname="Shashi" failures="0" tests="5" name="com.amazon.qa.testcases.RegistrationTest" time="706.519" errors="0" timestamp="28 Sep 2018 15:12:28 GMT" skipped="0">
  <testcase classname="com.amazon.qa.testcases.RegistrationTest" name="validateNewCustomerRegistration" time="208.527"/>
  <testcase classname="com.amazon.qa.testcases.RegistrationTest" name="verifyTitleTest" time="153.318"/>
  <testcase classname="com.amazon.qa.testcases.RegistrationTest" name="validateNewCustomerRegistration" time="119.338"/>
  <testcase classname="com.amazon.qa.testcases.RegistrationTest" name="validateNewCustomerRegistration" time="53.173"/>
  <testcase classname="com.amazon.qa.testcases.RegistrationTest" name="validateNewCustomerRegistration" time="172.163"/>
</testsuite> <!-- com.amazon.qa.testcases.RegistrationTest -->
