<?xml version="1.0" encoding="UTF-8"?>
<!-- Generated by org.testng.reporters.JUnitReportReporter -->
<testsuite hostname="Shashi" failures="0" tests="3" name="com.amazon.qa.testcases.UserAccountPageTest" time="114.089" errors="0" timestamp="25 Sep 2018 07:51:53 GMT" skipped="0">
  <testcase classname="com.amazon.qa.testcases.UserAccountPageTest" name="validateLogin_SecuritylinkTest" time="50.249"/>
  <testcase classname="com.amazon.qa.testcases.UserAccountPageTest" name="validateYourAccount_titleTest" time="31.520"/>
  <testcase classname="com.amazon.qa.testcases.UserAccountPageTest" name="validateyourOrders_LogoTest" time="32.320"/>
</testsuite> <!-- com.amazon.qa.testcases.UserAccountPageTest -->
